F:\DESKTOP\C-PROJECTS\UNIT 4\TICTACTOE\DEBUG\TICTACTOE.EXE
F:\DESKTOP\C-PROJECTS\UNIT 4\TICTACTOE\DEBUG\TICTACTOE.ILK
F:\DESKTOP\C-PROJECTS\UNIT 4\TICTACTOE\DEBUG\TICTACTOE.PDB
F:\Desktop\C-Projects\Unit 4\TicTacToe\TicTacToe\Debug\cl.command.1.tlog
F:\Desktop\C-Projects\Unit 4\TicTacToe\TicTacToe\Debug\CL.read.1.tlog
F:\Desktop\C-Projects\Unit 4\TicTacToe\TicTacToe\Debug\CL.write.1.tlog
F:\Desktop\C-Projects\Unit 4\TicTacToe\TicTacToe\Debug\link.command.1.tlog
F:\Desktop\C-Projects\Unit 4\TicTacToe\TicTacToe\Debug\link.read.1.tlog
F:\Desktop\C-Projects\Unit 4\TicTacToe\TicTacToe\Debug\link.write.1.tlog
F:\Desktop\C-Projects\Unit 4\TicTacToe\TicTacToe\Debug\link-cvtres.read.1.tlog
F:\Desktop\C-Projects\Unit 4\TicTacToe\TicTacToe\Debug\link-cvtres.write.1.tlog
F:\DESKTOP\C-PROJECTS\UNIT 4\TICTACTOE\TICTACTOE\DEBUG\MAIN.OBJ
F:\Desktop\C-Projects\Unit 4\TicTacToe\TicTacToe\Debug\mt.command.1.tlog
F:\Desktop\C-Projects\Unit 4\TicTacToe\TicTacToe\Debug\mt.read.1.tlog
F:\Desktop\C-Projects\Unit 4\TicTacToe\TicTacToe\Debug\mt.write.1.tlog
F:\Desktop\C-Projects\Unit 4\TicTacToe\TicTacToe\Debug\rc.command.1.tlog
F:\Desktop\C-Projects\Unit 4\TicTacToe\TicTacToe\Debug\rc.read.1.tlog
F:\Desktop\C-Projects\Unit 4\TicTacToe\TicTacToe\Debug\rc.write.1.tlog
F:\Desktop\C-Projects\Unit 4\TicTacToe\TicTacToe\Debug\TicTacToe.exe.embed.manifest
F:\DESKTOP\C-PROJECTS\UNIT 4\TICTACTOE\TICTACTOE\DEBUG\TICTACTOE.EXE.EMBED.MANIFEST.RES
F:\DESKTOP\C-PROJECTS\UNIT 4\TICTACTOE\TICTACTOE\DEBUG\TICTACTOE.EXE.INTERMEDIATE.MANIFEST
F:\Desktop\C-Projects\Unit 4\TicTacToe\TicTacToe\Debug\TicTacToe.vcxprojResolveAssemblyReference.cache
F:\Desktop\C-Projects\Unit 4\TicTacToe\TicTacToe\Debug\TicTacToe.write.1.tlog
F:\Desktop\C-Projects\Unit 4\TicTacToe\TicTacToe\Debug\TicTacToe_manifest.rc
F:\Desktop\C-Projects\Unit 4\TicTacToe\TicTacToe\Debug\vc100.idb
F:\DESKTOP\C-PROJECTS\UNIT 4\TICTACTOE\TICTACTOE\DEBUG\VC100.PDB
F:\Desktop\C-Projects\Unit 4\TicTacToe\TicTacToe\Debug\vc90.idb
F:\Desktop\C-Projects\Unit 4\TicTacToe\TicTacToe\Debug\vc90.pdb
