Build started 5/16/2016 11:58:29 AM.
     1>Project "C:\Users\test\Desktop\C-Projects-master\Unit 4\TicTacToe\TicTacToe\TicTacToe.vcxproj" on node 2 (build target(s)).
     1>InitializeBuildStatus:
         Creating "Release\TicTacToe.unsuccessfulbuild" because "AlwaysCreate" was specified.
       ClCompile:
         C:\Program Files (x86)\Microsoft Visual Studio 10.0\VC\bin\CL.exe /c /Zi /nologo /W3 /WX- /O2 /Oi /Oy- /GL /D WIN32 /D NDEBUG /D _CONSOLE /D _UNICODE /D UNICODE /Gm- /EHsc /MD /GS /Gy /fp:precise /Zc:wchar_t /Zc:forScope /Fo"Release\\" /Fd"Release\vc100.pdb" /Gd /TP /analyze- /errorReport:prompt main.cpp
         main.cpp
       Link:
         C:\Program Files (x86)\Microsoft Visual Studio 10.0\VC\bin\link.exe /ERRORREPORT:PROMPT /OUT:"C:\Users\test\Desktop\C-Projects-master\Unit 4\TicTacToe\Release\TicTacToe.exe" /INCREMENTAL:NO /NOLOGO kernel32.lib user32.lib gdi32.lib winspool.lib comdlg32.lib advapi32.lib shell32.lib ole32.lib oleaut32.lib uuid.lib odbc32.lib odbccp32.lib /MANIFEST /ManifestFile:"Release\TicTacToe.exe.intermediate.manifest" /MANIFESTUAC:"level='asInvoker' uiAccess='false'" /DEBUG /PDB:"C:\Users\test\Desktop\C-Projects-master\Unit 4\TicTacToe\Release\TicTacToe.pdb" /SUBSYSTEM:CONSOLE /OPT:REF /OPT:ICF /LTCG /TLBID:1 /DYNAMICBASE /NXCOMPAT /IMPLIB:"C:\Users\test\Desktop\C-Projects-master\Unit 4\TicTacToe\Release\TicTacToe.lib" /MACHINE:X86 Release\main.obj
         Generating code
         Finished generating code
         TicTacToe.vcxproj -> C:\Users\test\Desktop\C-Projects-master\Unit 4\TicTacToe\Release\TicTacToe.exe
       Manifest:
         C:\Program Files (x86)\Microsoft SDKs\Windows\v7.0A\bin\mt.exe /nologo /verbose /outputresource:"C:\Users\test\Desktop\C-Projects-master\Unit 4\TicTacToe\Release\TicTacToe.exe;#1" /manifest Release\TicTacToe.exe.intermediate.manifest
       FinalizeBuildStatus:
         Deleting file "Release\TicTacToe.unsuccessfulbuild".
         Touching "Release\TicTacToe.lastbuildstate".
     1>Done Building Project "C:\Users\test\Desktop\C-Projects-master\Unit 4\TicTacToe\TicTacToe\TicTacToe.vcxproj" (build target(s)).

Build succeeded.

Time Elapsed 00:00:02.48
